<?xml version="1.0" encoding="UTF-8"?>
<!-- Generated by org.testng.reporters.JUnitReportReporter -->
<testsuite hostname="LAPTOP-IN3O14F1" failures="0" tests="1" name="searchProduct_Tests.Search_Tests" time="7.657" errors="0" timestamp="2022-06-13T07:43:43 IST" skipped="0">
  <testcase classname="searchProduct_Tests.Search_Tests" name="searchProduct_SearchTextbox" time="7.657"/>
  <system-out/>
</testsuite> <!-- searchProduct_Tests.Search_Tests -->
