<?xml version="1.0" encoding="UTF-8"?>
<!-- Generated by org.testng.reporters.JUnitReportReporter -->
<testsuite skipped="0" hostname="LAPTOP-IN3O14F1" name="searchProduct_Tests.Home_Tests" tests="3" failures="0" timestamp="2022-04-18T08:45:49 IST" time="6.854" errors="0">
  <testcase name="verifyHeaders" time="0.729" classname="searchProduct_Tests.Home_Tests"/>
  <system-out/>
  <testcase name="verifyCategories_AmazonHome" time="3.358" classname="searchProduct_Tests.Home_Tests"/>
  <system-out/>
  <testcase name="VerifySignInPage" time="2.767" classname="searchProduct_Tests.Home_Tests"/>
  <system-out/>
</testsuite> <!-- searchProduct_Tests.Home_Tests -->
